<?xml version="1.0" encoding="UTF-8"?>
<testng-results ignored="0" total="1" passed="1" failed="0" skipped="0">
  <reporter-output>
  </reporter-output>
  <suite started-at="2022-05-03T13:50:01Z" name="Default suite" finished-at="2022-05-03T13:51:18Z" duration-ms="76735">
    <groups>
    </groups>
    <test started-at="2022-05-03T13:50:01Z" name="Default test" finished-at="2022-05-03T13:51:18Z" duration-ms="76735">
      <class name="com.picresize.myimageresize.FileUploadForWindows">
        <test-method is-config="true" signature="beforeClass()[pri:0, instance:com.picresize.myimageresize.FileUploadForWindows@4241e0f4]" started-at="2022-05-03T19:50:01Z" name="beforeClass" finished-at="2022-05-03T19:50:44Z" duration-ms="42349" status="PASS">
          <reporter-output>
          </reporter-output>
        </test-method> <!-- beforeClass -->
        <test-method signature="fileUpload()[pri:0, instance:com.picresize.myimageresize.FileUploadForWindows@4241e0f4]" started-at="2022-05-03T19:50:44Z" name="fileUpload" finished-at="2022-05-03T19:51:17Z" duration-ms="33052" status="PASS">
          <reporter-output>
          </reporter-output>
        </test-method> <!-- fileUpload -->
        <test-method is-config="true" signature="afterClass()[pri:0, instance:com.picresize.myimageresize.FileUploadForWindows@4241e0f4]" started-at="2022-05-03T19:51:17Z" name="afterClass" finished-at="2022-05-03T19:51:18Z" duration-ms="1307" status="PASS">
          <reporter-output>
          </reporter-output>
        </test-method> <!-- afterClass -->
      </class> <!-- com.picresize.myimageresize.FileUploadForWindows -->
    </test> <!-- Default test -->
  </suite> <!-- Default suite -->
</testng-results>
